r1(1,2); r1(2,3) -> r1(1,3)
r1(1,1)
r2(1,2); r2(2,3) -> r2(1,3)
 -> r2(1,1)
r2(1,2) -> r2(2,1)
r1(1,2); r2(2,3) -> r1(1,3)
r1(1,2); r2(1,3) -> r1(3,2)
r1(1,2); r2(1,2)
r1(1,2); r1(2,3) -> r1(1,3)
r1(1,1)
r2(1,2); r2(2,3) -> r2(1,3)
 -> r2(1,1)
r2(1,2) -> r2(2,1)
r1(1,2); r2(2,3) -> r1(1,3)
r1(1,2); r2(1,3) -> r1(3,2)
r1(1,2); r2(1,2)
syns
conservation => island
species => medium
feeding => structure
extinction => discovery
official => knowledge
year => being
collapse => second
author => october
electron => scale
colony => century
november => week
nitrogen => being
half => light
office => may
impact => crater
fund => british
use => time
crude oil => cotton
tamil => census
use => arabic
type => geometry
commonwealth => president
hill => area
origin => crude
charter => treaty
common => blue
industry => tourist
may => wave
distribution => amount
kazakhstan => set
independence => road
production => agriculture
account => general relativity
monarchy => sovereign
september => nationalism
flower => colour
book => sea
being => issue
weight => field
relationship => general relativity
man => object
syria => russia
control => memory
total => public
current => threat
colour => series
census => last
mind => mass
arabic => syria
example => star
coat => norway
pig => uruguay
human => object
portuguese => cape
need => ad
report => second
large => china
dependence => time
parent => m
public => sea
look => man
hand => female
client => system
tsunami => tsunami
sikh => follower
caribbean sea => group
portugal => great britain
female => hand
madagascar => display
spider => banana
rainforest => world
institution => court
highway => bear
titan => vehicle
note => instrument
african => congo
mountain => oil
wintertime => view
resource => heat
relative => unit
tourist => gold
arm => italian
dog => yellow
fat => growing
carbon => ore
conclusion => term
congress => style
orca => time
history => extent
author => november
number => cell
model => present
foundation => mine
belarus => party
colony => orange
basin => colombia
common => helium
caribbean => squid
wood => clothing
california => architecture
finland => force
common => tree
light => stone
fire => species
conflict => sign
public => attention
emperor => tomb
orbit => july
world => disease
colour => foliage
decline => popularity
colony => s
temple => part
ship => last
film => way
french => brazil
ukraine => slovenia
mapping => former
silver => natural gas
vegetable => process
copper => gold
skin => pigment
data => bank
internet => work
relationship => life
table => sport
energy => conversion
rock => impact
unity => motto
arrangement => galaxy
cuba => caribbean
bantu => population
constitution => april
present => practice
version => german
velocity => standard
mode => component
calcium => chloride
classification => article
relative => house
sun => free energy
relationship => animal
area => argentina
mass => control
newspaper => light
series => uranus
minor => military
ship => class
us => week
alcohol => carbon dioxide
wild => cattle
family => rainforest
poet => greek
hawaii => august
western => price
acid => energy
punjab => life
dutch => process
new mexico => usa
market => point
population => siege
way => magma
run => roman
species => eagle
darwin => faith
medium => being
order => requirement
hill => delhi
state => republic
east africa => somalia
fat => alcohol
name => newspaper
field => colour
set => rest
key => home
botswana => zimbabwe
western => niger river
arrival => fashion
energy => einstein
soil => type
syria => morocco
particular => note
distance => date
boston => boston
minor => greek
number => present
structure => notion
iceland => eruption
carbon => planet
type => sugar
invention => satellite
flight => human
population => caribbean
money => trade
computer => network
chocolate => coffee
class => music
palace => gandhi
defeat => second
hemingway => father
inuit => world
black => islam
low => hope
route => line
republic => law
columbia river => river
study => african
black => multitude
north => civilization
president => the gambia
malay => east
time => measure
common => deficiency
hypothesis => expansion
cooking => food
world => california
thailand => region
estimate => flow
route => september
export => economic growth
london => bishop
north => tajikistan
france => former
ocean => white
independence => national
culture => government
business => last
rain => sunlight
whole => cape
africa => presidency
situation => europe
tax => individual
philippines => claim
seat => federation
bahrain => peninsula
stage => knowledge
bank => jordan
entrance => bat
abundance => birth
fact => group
science => engineering
canberra => coast
production => being
site => sound
result => america
cat => family
august => m
adult => insect
asia => mainland
individual => sovereignty
official => palace
french => whale
mark => football
phrase => french
ocean => whale
medicine => component
book => stone
mass => currency
phase => switzerland
term => globalization
oxygen => atom
facility => test
guess => particular
iron => native
speech => adaptation
art => national
lander => site
protection => park
extent => situation
malawi => party
whole => potato
native => inuit
july => last
police => fire
grain => hybrid
s => note
hand => body
role => defeat
north korea => coat
individual => food
war => community
cat => settlement
gold => use
canal => engineering
battle => victory
iraq => republic
coast => set
apple => party
community => capital
area => city center
core => contact
incident => butler
director => world
present => benzene
angola => african
use => comparison
body => reptile
throne => north
turkey => turkey
help => republic
castle => view
action => center
stress => earthquake
armenia => hungary
india => himalayas
spider => human
issue => particular
right => oyster
sweden => may
length => nile
africa => works
life => climate
pact => union
being => inequality
whale => english
establishment => land
gorilla => chimpanzee
variety => program
section => evidence
finland => arms
return => chile
feed => grass
territory => conflict
survey => planet
status => official
property => queen
support => nuclear power
india => green
hypothesis => sea
geography => archaeology
meaning => nucleus
century => renaissance
system => scale
impact => density
people => bosnia and herzegovina
rock => new mexico
small => eye
ethiopia => ireland
application => ammonia
car => capital
outbreak => population
right => art
government => army
birth => tamil
latin => cat
road => mumbai
uk => election
predator => country
frederick => palace
lava => point
artist => smith
volcano => alaska
inside => oil
day => republic of ireland
account => history
kenya => administration
canal => construction
particle => experiment
scale => manufacture
following => class
advice => botany
effect => group
school => fish
resident => length
oman => petroleum
engineering => building
use => way
skull => length
india => papua new guinea
surface => resolution
september => the gambia
chief => market
warfare => british
castle => moon
faith => holiday
valley => sea level
continent => diversity
pack => individual
culture => indian
disease => image
natural history => art
faith => responsibility
united kingdom => experience
latvia => moldova
germany => mass
bangladesh => official
satellite => america
french => italian
sea => discovery
theme => raising
feeding => hour
usa => corn
water => aluminium
principality => refuge
plateau => province
copper => chemical
cape colony => territory
common => garden
northern => argentina
art => glasgow
hydrogen => arm
collapse => system
yemen => india
chicken => goat
buddha => buddhism
liberia => labor
census => person
diversity => biodiversity
commerce => government
factor => example
white => origin
market => production
plain => plateau
arabic => s
pyramid => example
sky => iron
fiber => fiber
release => value
demonstration => dance
africa => town
victoria => november
figure => flower
home => earth
june => population
drug => stage
usage => debate
nowadays => paper
crop => image
municipality => subdivision
southwest => april
china => history
stuff => medium
worm => chain
breed => sight
france => colony
butler => week
general => air
task => space
japan => island
cattle => world
existence => universe
biology => history
look => launch
knowledge => model
darwin => october
arms => play
face => spider
part => province
body => one-third
science => hume
percentage => population
american => station
availability => predator
series => currency
central => church
black death => opening
rain => fruit
empire => time
human => arrangement
guinea => fly
work => technique
culture => arab
transfer => spacecraft
green => airport
civilization => fire
tajikistan => nepal
herd => general
music => african
korean => force
people => northern
structure => value
peninsula => southwest
street => jordan
distance => killer whale
colombia => honduras
concentration => ph
german => export
soviet union => conflict
french => alternative
centre => cambridge
southwest => island
area => day
arms => monaco
movement => state
management => way
occupation => chinese
biology => branch
following => prime minister
united kingdom => nation
finland => soviet union
central => arrival
port => flora
nitrogen => turn
house => horse
theory => forest
summer => astronomy
patient => care
company => part
picture => hill
year => thailand
scotland => steel
parent => mestizo
movement => record
natural resources => uranium
vegetable => oil
bangladesh => bangladesh
central => country
newton => m
ice => expansion
capital => hindu
mass => stress
field => bell
air => sand
plant => mineral
function => memory
india => minor
philosophy => framework
city => expansion
metropolis => indian
north => crown
united kingdom => china
japanese => pacific
business => program
united states => port
cambodia => cultivation
shape => infinite
syrian arab republic => arab
universe => influence
station => university
risk => property
series => steam
image => cyprus
work => factor
large => chemistry
middle east => near east
set => origin
sovereignty => process
dam => tajikistan
iran => map
country => soviet
chain => exchange
grain => being
iranian => plateau
state => term
large => centre
creature => horn
general => mark
heaven => statement
m => island
india => border
path => taste
cost => range
contact => malice
cultivation => tourism
traveling => photon
buddhism => being
wolf => point
vote => general
spain => romania
nest => man
bolivia => year
help => rat
crown => mauritius
ancestor => shell
region => mouth
british => commons
mining => gas
europe => whole
sudan => tunisia
god => israel
campaign => trade
russia => invasion
earth => singapore
soviet => georgia
east africa => blue
century => low
set => geometry
charter => africa
gulf => following
july => ruanda
weight => head
period => comet
portuguese => spain
capital => health
response => cognition
explanation => climate
scotland => local
view => pressure
power => crown
birth => horse
cuba => smoking
depth => albatross
clarinet => large
bassoon => instrument
tube => task
part => study
america => bay
western => victoria
protection => return
income => function
existence => house
potassium => calcium
physics => science
light => rain
bounds => whole
cretaceous period => stage
room => being
geography => ecology
story => game
second => pitch
venezuela => former
historian => poet
base => film
control => valley
yellow => canada
mathematics => education
system => production
meter => cost
framework => convention
mixture => methane
origin => state
wales => area
aid => organization
colony => ethiopia
crust => granite
brazil => plateau
stone => european
east => algeria
city => night
way => traveling
fiction => distribution
damage => uk
compound => research
air => data
may => rock
half => image
calcium => metal
constitution => supreme court
concept => existence
location => pest
country => sanskrit
water => volume
half => air
saffron => iran
spanish => work
status => star
chinese => situation
hour => set
structure => fruit
mind => individual
public => name
tsunami => total
county => field
ethnic group => tibetan
weapon => world
africa => latin
shape => oil
america => drought
island => empire
colour => saffron
range => northeast
portion => china
population => history
india => korea
way => attention
moldova => location
big bang => universe
turkey => meleagris gallopavo
sector => drought
appearance => human
condition => united states
wood => white
safety => crew
subject => november
oil => metal
fruit => vegetable
chicken => guinea
acid => common
egyptian => revolution
antelope => sheep
fossil => land
volume => value
kitchen => wall
italy => norway
plan => lander
training => base
crop => desert
central => garlic
labour => mother
particle => albert einstein
area => mainland
country => agreement
storm => tornado
empire => wine
matter => formation
county => sequence
rock => biodiversity
type => probe
attempt => september
grooming => cat
mogadishu => december
total => canal
result => crown
ireland => english
current => stock
king => westminster
time => introduction
april => ocean
machine => industrial revolution
treatment => information
opposition => cathedral
variety => common
ridge => north
people => belief
side => diameter
solution => percent
administration => army
culture => notion
leader => western
british => sovereignty
control => body
government => extent
bath => publication
reduction => practice
acid => cooking
rice => risk
ukraine => location
statue => present
position => elizabeth
engineer => problem
weather => risk
indonesia => anthem
fiber => production
figure => worm
belarus => mongolia
peace => prime minister
pressure => loss
man => look
sound => speed
hawaii => light
ability => blood
american => october
green => mechanism
central => kenya
growth => settlement
satellite => distance
energy => god
mineral => planet
area => food
death => failure
good => commonwealth
virginia => research
law => energy
train => island
cathedral => right
body => disease
chinese => painting
darwin => september
language => similarity
basin => province
fossil => coal
hydrogen => diamond
boston => breed
malay => european
chicken => persian
usa => gabon
land => geography
french => quality
impression => age
city => djibouti
history => ice
replacement => age
representative => family
whale => art
district => administration
being => iron
flowing => network
state => common
car => valley
energy => age
european union => former
high court => chief
municipality => taiwan
migration => world
member => caribbean
trade => sea
being => helium
field => sociology
apple => list
chinese => democracy
region => potato
military => period
roman catholic => military
us => june
issue => american
night => degree
fossil => pattern
s => sri lanka
turn => horse
point => communication
one-third => fall
rebellion => attention
mother => rwanda
symbol => berlin
use => panda
science => agriculture
land => new guinea
kenya => centre
unit => head
mine => collapse
president => second
large => unemployment
minimum wage => last
roman => decline
physics => community
case => land
summit => view
face => work
time => statue
protein => copper
world => length
copy => material
system => medium
pest => tiger
loss => investment
france => congo
fact => defense
venom => quantity
skin => ground
north => association
frequency => portion
business => man
western => maharashtra
animal => domestication
book => book
conflict => iraq
year => public
northern ireland => party
prey => shark
info => persian
building => residence
europe => un
group => value
spacecraft => planet
spain => spread
general => retreat
future => flow
period => economic growth
former => britain
group => effect
france => period
last => map
standard => rain
harm => person
italy => asia
railroad => coast
possibility => specific
group => sovereignty
common => dolphin
cold => economic growth
school => place
waste => food
greek => platypus
subspecies => lithuania
wales => summit
large => fish
home => snake
system => alliance
archeology => greek
present => hunter
scale => tiger
particular => status
custom => object
sequence => sequence
right => male
roman => pliny
utah => florida
chemical => species
medicine => tradition
current => ecuador
un => governance
sight => latin
present => book
number => north america
uganda => source
management => general
liechtenstein => london
good => investment
century => myanmar
south africa => tunisia
usage => time
moisture => northeast
london => convention
geography => philippines
queen => television
side => matter
literature => sanskrit
air => ash
decade => body
place => east
language => ecuador
art => architecture
delhi => event
surface => year
united nations => crime
hunter => science
present => hawaii
internet => amount
mozambique => power
way => study
third => wave
freedom => thought
korea => life
infection => s
symbol => party
east => tibet
economy => key
window => base
macedonia => slovenia
nation => membership
ancestor => guinea pig
cost => war
kazakhstan => kazakhstan
north => malawi
interior => army
lightning => s
yemen => java
american => adult male
play => ground
drought => government
india => labor
mozambique => year
part => east
technology => india
habitat => variety
thought => s
plant => horse
corporation => may
space => vehicle
america => pacific
rise => population
parliament => formation
emperor => roman
coast => central
reason => environment
time => resistance
son => century
distance => side
order => series
indian => architecture
novel => culture
part => australia
assistance => country
mexico => cut
view => metal
giant panda => german
german => cent
garden => second
venus => symbol
arrangement => october
central => volume
mineral => ore
symbol => energy
autumn => raising
tourism => administration
future => confidence
museum => architecture
board => drawing
fish => world
sea => honduras
song => sound
city => sport
nasa => administration
snow => road
estimate => pakistan
water => origin
diet => squid
greece => nature
town => style
s => mumbai
player => ireland
north => town
petroleum => british
petroleum => africa
third => revenue
control => russian
island => subject
european => spread
convention => party
leopard => sri lanka
copper => replacing
world => europe
france => president
need => space
russian => roman
oil => substance
snake => subfamily
middle => one-third
union => paradise
horse => colour
thought => jupiter
animal => value
bank => territory
namibia => german
path => surface
action => number
university => ph
central america => northern
fall => berlin
information => set
infrastructure => year
length => cretaceous
claim => new mexico
latin america => asia
island => tsunami
flood => average
state => february
summer => greek
birth rate => cuba
calcium => hydrogen
energy => december
heat => region
death => bhutan
return => possibility
republic of bolivia => bolivia
transmission => karnataka
source => asia
republic of ireland => man
element => use
perceiver => object
business => standard
nepal => china
land => antarctica
speaker => replacement
land => work
maharashtra => architecture
india => beach
tin => precipitation
matter => evidence
book => african
hyps
location => burundi
chemical => petroleum
metal => tin
cognition => psychology
district => kenya
animal => livestock
organism => virus
period => september
period => autumn
location => hungary
discipline => science
language => sanskrit
author => pliny
material => dna
animal => panda
planet => jupiter
territory => brazil
location => california
explanation => definition
period => festival
area => lima
substance => chemical
territory => iceland
kind => type
city => quito
event => landslide
location => persia
tree => mango
group => cultivar
part => protein
science => physics
activity => research
art => painting
location => washington
material => silicon
location => ethiopia
knowledge => taste
territory => sweden
location => zambia
ruler => inca
period => january
vegetation => forest
material => chemical
device => instrument
event => damage
event => spread
province => orissa
location => liberia
science => anthropology
month => may
status => former
location => center
organism => parent
material => pigment
knowledge => mind
group => variety
territory => portugal
part => copper
location => new zealand
knowledge => truth
religion => christianity
district => municipality
park => national park
object => surface
organism => individual
material => fur
metal => iron
quantity => spring
location => spain
power => authority
building => house
river => columbia
being => life
food => wine
organization => board
information => list
word => hybrid
executive => lord chancellor
person => ruler
care => treatment
city => abidjan
territory => malta
relation => function
thought => concept
object => skin
location => area
state => georgia
part => metal
location => suriname
location => region
standard => scale
principality => wales
vehicle => launch
individual => linnaeus
quality => power
science => natural history
ocean => pacific
state => tamil nadu
territory => chile
group => team
insect => cricket
state => florida
material => oil
chemical => fertilizer
urban area => city
district => nicaragua
influence => force
object => article
sport => football
territory => iran
territory => iraq
metal => potassium
group => ethnic group
object => seed
activity => market
fiction => novel
location => sarajevo
road => highway
city => moscow
part => chemical
event => sport
group => data
leader => politician
theatre => palace
city => chennai
faith => christianity
location => kenya
material => paper
knowledge => sense
object => position
infection => hiv
district => paris
planet => mars
work => care
district => abidjan
sport => hunting
kind => genus
collection => data
location => togo
star => sun
location => origin
event => cause
creature => wolf
transport => ship
phenomenon => weather
district => united states
month => december
structure => palace
city => boston
object => factory
war => world war i
group => subclass
territory => cyprus
location => venezuela
event => action
quality => lead
person => citizen
group => chain
mathematics => geometry
empire => roman empire
beast => horse
machine => assembly
substance => wood
building => temple
fuel => oil
mixture => steam
location => croatia
energy => radiation
liquid => chocolate
object => ground
location => city
event => war
location => saudi arabia
location => mongolia
object => launch
location => madagascar
location => ukraine
science => chemistry
state => assam
location => myanmar
period => week
location => canada
leader => minister
event => crop
fuel => coal
statement => definition
city => bangalore
transport => aircraft
city => nairobi
continent => europe
animal => insect
material => ethanol
metropolis => mumbai
location => nepal
organization => world bank
action => movement
water => fresh water
event => impact
material => chloride
group => galaxy
group => business
location => kyrgyzstan
people => british
territory => uruguay
event => work
activity => protection
fruit => seed
location => romania
event => establishment
condition => anemia
language => hindi
object => black hole
location => cuba
month => october
food => barley
action => opposition
catholic => roman catholic
english => northern
reformer => muhammad
territory => india
ideology => democracy
science => sociology
free energy => heat
part => oxygen
animal => cattle
location => south africa
location => site
emperor => napoleon
chemical => molecule
object => zone
territory => afghanistan
city => santiago
fuel => natural gas
vehicle => automobile
location => south korea
chief => executive
period => april
part => blood
location => italy
community => village
individual => member
group => table
free energy => light
period => february
location => johannesburg
weather => wind
location => sri lanka
scientist => darwin
period => winter
knowledge => understanding
location => uruguay
district => frederick
reptile => lizard
party => communist party
individual => man
knowledge => focus
continent => antarctica
region => side
location => swaziland
desert => sahara
creature => fish
group => society
location => pakistan
sanskrit => hindi
food => feed
chemical => benzene
city => berlin
someone => judge
bird => raven
material => particle
state => hawaii
structure => plant
location => argentina
area => city centre
location => austria
device => computer
mammalian => platypus
group => church
location => spot
part => remainder
vehicle => tank
fibre => cotton
beast => lizard
city => glasgow
food => milk
chemical substance => molecule
document => license
god => lord
anthropology => archaeology
commerce => trade
structure => tower
event => eruption
territory => kuwait
representative => king
territory => france
language => arabic
period => december
document => constitution
institution => church
territory => denmark
bid => order
quantity => second
location => tonga
district => mexico
quantity => length
group => university
location => mexico
location => papua new guinea
idea => plan
idea => plot
science => medicine
group => village
environment => ecology
creation => design
location => uzbekistan
river => niger
location => singapore
territory => tajikistan
language => french
territory => morocco
african => egyptian
people => generation
location => eritrea
individual => voter
food => beer
group => coalition
group => union
group => senate
center => boston
state => new south wales
organization => league
writer => poet
island => taiwan
location => paraguay
writer => pliny
port => cape town
metropolis => delhi
part => salt
part => sand
thought => point
metal => mercury
relation => velocity
organization => division
month => november
state => utah
quantity => february
acid => acetic acid
island => bahrain
district => goa
monarch => emperor
location => liechtenstein
relation => nutrient
location => slovenia
symptom => pain
territory => congo
language => spanish
formation => flight
location => latvia
chemical => salt
location => hawaii
executive => president
province => georgia
group => set
phenomenon => storm
condition => soil
location => mali
location => bhutan
substance => protein
sport => soccer
location => england
music => anthem
wave => tsunami
port => los angeles
insect => butterfly
group => rank
leader => smith
scholar => philosopher
quality => nature
condition => lack
song => anthem
territory => kyrgyzstan
beast => bird
building => mosque
location => australia
ground => island
diversity => biodiversity
part => tobacco
area => scene
location => estonia
transport => local
province => bihar
territory => south africa
part => stem
planet => saturn
belief => god
location => somalia
ruler => general
location => philippines
part => acid
location => mozambique
river => jordan
group => population
knowledge => belief
state => texas
music => section
council => security council
organization => industry
location => angola
state => orissa
location => united states
people => public
part => iron
substance => ethanol
organization => council
length => diameter
science => geography
metal => uranium
territory => georgia
bird => turkey
location => israel
group => sahara
territory => cape colony
sort => type
group => species
location => north
location => botswana
program => policy
color => gray
idea => principle
material => limestone
city => jerusalem
group => dutch
island => java
month => july
month => june
location => djibouti
team => club
energy => heat
city => athens
vehicle => spacecraft
concentration => ph
object => white
imperium => roman empire
location => province
object => comet
person => individual
period => year
vegetable => bean
part => atom
chemical => acid
symptom => diarrhea
use => application
middle => mogadishu
city => constantinople
stream => river
substance => oil
spirit => soul
liquid => ethanol
european => german
energy => light
ability => capacity
ocean => indian ocean
quality => price
time period => winter
state => virginia
boundary => coastline
object => kitchen
center => quito
period => month
object => architecture
cattle => cow
individual => national
location => libya
portion => petroleum
knowledge => notion
city => los angeles
molecule => enzyme
art => dance
location => tanzania
language => chinese
african => berber
government => federal government
governor => governor general
victory => landslide
location => afghanistan
latin => spanish
colour => pigment
power => force
center => copenhagen
location => gambia
location => north korea
relation => competition
sea => black sea
organization => federation
leader => communist
food => diet
relation => petroleum
location => volcano
emperor => augustus
larva => caterpillar
event => start
city => johannesburg
statement => equation
location => utah
period => spring
bone => skull
philosopher => hume
city => paris
adult => host
territory => santiago
language => english
city => london
human activity => construction
territory => lebanon
location => bolivia
leader => president
city => washington
territory => south korea
standard => currency
port => city
port => mogadishu
territory => ukraine
municipality => pretoria
location => nigeria
location => rwanda
city => mumbai
city => calcutta
location => desert
period => morning
parent => father
native => russian
music => song
person => child
organization => european union
location => malaysia
part => granite
commerce => tourism
individual => citizen
political party => communist party
event => accident
group => following
territory => karnataka
person => white
animal => bird
island => zanzibar
discipline => psychology
municipality => city
district => india
instrument => telescope
facility => airport
location => burkina faso
district => tamil nadu
event => approach
currency => guinea
freedom => independence
territory => panama
alcohol => beer
part => molecule
part => particle
object => woman
territory => utah
animal => bear
location => albania
event => contact
institution => school
italian => roman
room => kitchen
science => psychology
location => benin
representative => general
location => finland
location => indonesia
organization => imf
monarch => victoria
thought => principle
animal => male
relativity => general relativity
group => military
location => luxembourg
ground => plain
activity => engineering
group => phylum
civilization => islam
business => railway
organization => fao
district => washington
person => european
part => colour
physics => astronomy
object => planet
part => chad
chemical => dna
district => town
material => waste
mammal => wolf
thought => plan
theory => general relativity
district => congo
group => community
quantity => supply
object => building
ruler => emperor
grass => corn
location => peru
cooking => cuisine
insect => fly
collection => variety
event => management
location => egypt
philosopher => aristotle
science => biology
person => speaker
mammal => cat
substance => liquid
location => habitat
area => kuwait
quantity => maximum
science => astronomy
area => djibouti
location => monaco
mammal => bat
territory => canada
language => portuguese
knowledge => geometry
territory => bulgaria
location => new mexico
group => membership
mammal => dog
part => steel
location => portugal
theory => relativity
location => congo
chemical => oil
territory => bosnia and herzegovina
location => india
highland => plateau
period => century
thought => right
individual => mother
district => canberra
part => mineral
ruler => sovereign
location => armenia
science => mathematics
object => man
part => term
game => soccer
connection => link
location => sweden
district => brazil
sea => caribbean
continent => north america
object => mars
storm => tornado
territory => spain
language => tibetan
location => border
mammal => rodent
territory => delhi
fish => goldfish
proportion => percentage
person => president
group => nation
cognition => memory
event => error
material => metal
territory => canberra
city => canberra
food => rice
discipline => anthropology
mammal => lion
oil => petroleum
football => soccer
author => poet
property => land
part => uranium
monarch => king
sex => mating
group => british
use => engineering
collection => category
location => central
era => renaissance
month => september
location => canberra
organization => united nations
event => channel
relation => chemical
area => center
group => army
location => oman
court => supreme court
individual => ancestor
location => thailand
latin => french
location => moldova
vegetation => rainforest
discipline => geography
location => gabon
portion => mineral
location => georgia
town => cairo
municipality => johannesburg
substance => material
location => nauru
christian => roman catholic
territory => nigeria
amount => revenue
district => lhasa
thought => genus
city => rome
object => moon
power => influence
metal => aluminium
municipality => copenhagen
chief => president
art => sculpture
work => survey
event => time
continent => asia
location => lebanon
christian => protestant
being => presence
location => lesotho
location => belgium
council => soviet
municipality => town
location => azerbaijan
city => djibouti
city => singapore
liquid => alcohol
period => summer
aircraft => balloon
location => denmark
state => commonwealth
language => northern
activity => education
african => bantu
knowledge => theory
quantity => volume
person => man
object => kashmir
chemical => acetic acid
device => weapon
location => sikkim
activity => search
surface => floor
language => greek
leader => executive
energy => sunlight
organization => railway
planet => globe
animal => elephant
period => march
material => molecule
material => sand
society => culture
case => time
metal => magnesium
person => italian
location => east africa
district => boston
part => paper
carbon => graphite
location => vietnam
urban area => delhi
rodent => hamster
period => november
area => lhasa
ground => antarctica
meat => chicken
location => home
knowledge => evidence
metal => sodium
district => karnataka
portion => oil
animal => human being
island => sumatra
state => alaska
coalition => nato
district => venezuela
device => mirror
territory => uzbekistan
success => victory
tissue => tooth
independence => sovereignty
organization => military
object => shell
location => santiago
quantity => minimum
territory => province
part => silicon
group => culture
district => lebanon
individual => augustus
follower => sikh
leader => mandela
safety => security
month => january
area => london
territory => italy
object => shark
substance => coffee
knowledge => mathematics
fur => leopard
city => kuwait
house => palace
group => animalia
european => italian
location => switzerland
court => high court
knowledge => experience
area => rome
animal => sheep
object => client
location => belarus
location => lithuania
grass => wheat
mortal => general
energy => nuclear power
practice => custom
latin => portuguese
event => death
metal => zinc
part => limestone
material => magma
organization => union
amount => income
empire => ottoman empire
area => paris
game => sport
tissue => bone
period => july
individual => individual
city => lhasa
power => control
location => guatemala
state => bosnia
disease => cancer
phenomenon => light
island => new guinea
location => boston
color => black
function => operator
object => ball
metal => calcium
part => liquid
territory => city
month => august
person => national
group => chordata
association => league
fibre => alpaca
location => cyprus
leader => general
white => arab
philosopher => plato
animal => dog
part => material
quality => good
territory => germany
animal => fox
day => date
group => formation
management => administration
word => term
territory => austria
fiber => alpaca
territory => belgium
animal => pet
object => sun
animal => pig
people => population
activity => construction
tribunal => supreme court
city => copenhagen
creature => platypus
state => cape colony
location => netherlands
location => landscape
storm => hurricane
people => labor
distance => wavelength
phenomenon => energy
event => observation
empire => persia
people => nationality
group => people
molecule => protein
material => acid
location => yemen
language => latin
fuel => petroleum
area => boston
film => western
territory => texas
weather => rainfall
mammal => panda
mineral => ore
game => football
individual => whale
event => tsunami
freedom => sovereignty
fruit => nut
area => canberra
object => medium
publication => book
location => ecuador
substance => milk
location => angle
location => mauritania
territory => australia
object => siberia
activity => work
knowledge => god
person => friend
liquid => ammonia
city => sarajevo
sort => genus
location => bangladesh
object => coat
municipality => sarajevo
location => iraq
location => iran
god => christ
location => norway
location => poland
part => hydrogen
machine => computer
object => system
city => cape town
location => uganda
location => germany
organization => commission
sequence => gene
event => wave
group => core
structure => architecture
activity => occupation
interaction => contact
territory => moldova
city => pretoria
ocean => atlantic
bird => eagle
district => province
adult => man
part => dna
part => name
object => saturn
existence => life
state => california
location => cambodia
state => karnataka
building => cathedral
territory => abkhazia
activity => leadership
object => structure
interest => concern
municipality => santiago
territory => kazakhstan
territory => goa
metal => copper
weapon => nuclear weapon
territory => pakistan
transport => bus
food => sugar
territory => bosnia
principality => monaco
weather => low
people => dutch
municipality => cape town
knowledge => science
coalition => united nations
animal => horse
chemical => methane
person => buddha
liquid => coffee
city => san francisco
war => civil war
city => delhi
location => kazakhstan
seed => nut
radiation => sunlight
research => experiment
condition => security
radiation => light
work => research
river => nile
event => western
transport => airship
animal => mammal
knowledge => policy
city => lima
location => algeria
period => era
science => archaeology
territory => slovakia
group => association
poet => shakespeare
person => einstein
road => street
location => bulgaria
planet => venus
region => border
action => violence
chemical => chloride
territory => israel
object => calf
part => zinc
district => city
event => explosion
engine => turbine
metal => silver
fish => shark
period => may
parent => mother
knowledge => type
location => chile
representative => ruler
district => johannesburg
group => organization
district => poland
location => malawi
object => clothing
group => nasa
substance => uranium
state => bihar
sea => mediterranean sea
christian => catholic
location => crust
lake => ontario
fruit => orange
continent => africa
part => oil
substance => molecule
tissue => skin
month => april
part => milk
location => macedonia
location => zone
1.0,0.11281050005423582,0.20274880592650354
0.010576923076923078,0.0011872638963842418,0.0021348859776807376
0.5052884615384615,0.05685998701579745,0.10221746741879012
r1(1,2); r1(2,3) -> r1(1,3)
r1(1,1)
Building matrix
