init:
deps-jar:
Compiling 1 source file to /e/ALOE/build/classes
compile:
compile-test:
.buildProblemMatrix
r1(1,2); r1(2,3); -> r1(1,3); 
r1(1,1); 
Adding: 0 -> 1
Adding: 1 -> 2
Adding: 1 -> 3
Adding: 2 -> 4
Adding: 4 -> 2
Adding: 0 -> 2
Adding: 0 -> 3
Adding: 0 -> 4
Adding: 1 -> 4
Adding: 2 -> 2
Adding: 4 -> 4
Adding: 0 -> 1
Adding: 1 -> 2
Adding: 0 -> 1
Adding: 1 -> 3
Adding: 0 -> 1
Adding: 1 -> 2
Adding: 2 -> 4
Removing: 0 -> 4
Adding: 1 -> 2
Adding: 2 -> 4
Adding: 2 -> 4
Adding: 4 -> 2
Removing: 2 -> 2
Adding: 2 -> 4
Adding: 4 -> 2
Removing: 4 -> 4
Adding: r1(1=0,2=1); r1(2=1,3=2); -> r1(1=0,3=2); 
r1(1=0,2=1); r1(2=1,3=2); -> r1(1=0,3=2);  + r1(1=0,2=2); r1(2=2,3=4);  = r1(2=2,3=4); r1(1=0,2=1); r1(2=1,3=2); 
Adding: r1(1=0,2=1); r1(2=1,3=3); -> r1(1=0,3=3); 
Adding: r1(1=1,2=2); r1(2=2,3=4); -> r1(1=1,3=4); 
Adding: r1(2=2,3=4); r1(1=0,2=1); r1(2=1,3=2); 
Adding: r1(1=4,2=2); r1(2=2,3=4); 
Adding: r1(1=2,2=4); r1(2=4,3=2); 
1: [ 0, 1, 2, 4 ]
2: [ 0, 1 ]
3: [ 0, 2 ]
7: [ 0, 1, 3, 4 ]
9: [ 0, 3 ]
14: [ 0, 3, 4, 6 ]
22: [ 0, 6 ]
1: [ 0, 1, 2, 4 ]
2: [ 0, 1 ]
3: [ 0, 2 ]
7: [ 0, 1, 3, 4 ]
9: [ 0, 3 ]
14: [ 0, 3, 4, 6 ]
22: [ 0, 6 ]
1: [ 0, 1, 2, 4 ]
2: [ 0, 1 ]
3: [ 0, 2 ]
7: [ 0, 1, 3, 4 ]
9: [ 0, 3 ]
14: [ 0, 3, 4, 6 ]
22: [ 0, 6 ]
r1(1,2); r1(2,3); -> r1(1,3); 
r1(1,1); 
r1(1,2); r1(3,2); -> e(1,3); r1(1,3); r1(3,1); 
Adding: 0 -> 1
Adding: 1 -> 2
Adding: 1 -> 3
Adding: 2 -> 4
Adding: 4 -> 2
Adding: 0 -> 2
Adding: 0 -> 3
Adding: 0 -> 4
Adding: 1 -> 4
Adding: 2 -> 2
Adding: 4 -> 4
Adding: 4 -> 0
Adding: 4 -> 1
Adding: 0 -> 0
Adding: 1 -> 0
Adding: 1 -> 1
Adding: 2 -> 0
Adding: 2 -> 1
Adding: 4 -> 3
Adding: 2 -> 3
Adding: 0 -> 1
Adding: 1 -> 2
Removing: 0 -> 0
Adding: 0 -> 1
Adding: 1 -> 2
Adding: 0 -> 1
Adding: 1 -> 3
Adding: 0 -> 1
Adding: 1 -> 2
Removing: 0 -> 4
Adding: 0 -> 1
Adding: 1 -> 2
Removing: 1 -> 0
Adding: 1 -> 2
Adding: 1 -> 2
Adding: 0 -> 1
Adding: 1 -> 2
Adding: 2 -> 4
Removing: 2 -> 0
Adding: 1 -> 2
Adding: 2 -> 4
Removing: 2 -> 1
Adding: 2 -> 4
Adding: 1 -> 2
Adding: 1 -> 3
Adding: 2 -> 4
Removing: 2 -> 3
Adding: 0 -> 1
Adding: 1 -> 2
Adding: 4 -> 2
Removing: 4 -> 0
Adding: 1 -> 2
Adding: 4 -> 2
Adding: 1 -> 2
Adding: 1 -> 3
Adding: 4 -> 2
Adding: 4 -> 2
Adding: r1(1=0,2=1); r1(2=1,3=2); -> r1(1=0,3=2); 
r1(1=0,2=1); r1(2=1,3=2); -> r1(1=0,3=2);  + r1(1=0,2=2); r1(2=2,3=4);  = r1(2=2,3=4); r1(1=0,2=1); r1(2=1,3=2); 
r1(1=0,2=1); r1(2=1,3=2); -> r1(1=0,3=2);  + r1(1=0,2=2); r1(3=4,2=2);  = r1(3=4,2=2); r1(1=0,2=1); r1(2=1,3=2); 
r1(1=0,2=1); r1(2=1,3=2); -> r1(1=0,3=2);  + r1(1=4,2=2); r1(3=0,2=2);  = r1(1=4,2=2); r1(1=0,2=1); r1(2=1,3=2); 
Adding: r1(1=0,2=1); r1(2=1,3=3); -> r1(1=0,3=3); 
r1(1=0,2=1); r1(2=1,3=3); -> r1(1=0,3=3);  + r1(1=4,2=3); r1(3=0,2=3);  = r1(1=4,2=3); r1(1=0,2=1); r1(2=1,3=3); 
r1(1=0,2=1); r1(2=1,3=3); -> r1(1=0,3=3);  + r1(1=0,2=3); r1(3=4,2=3);  = r1(3=4,2=3); r1(1=0,2=1); r1(2=1,3=3); 
r1(1=1,1=1);  + r1(1=1,2=4); r1(2=4,3=1); -> r1(1=1,3=1);  = r1(1=1,2=4); r1(2=4,3=1); 
r1(1=2,1=2);  + r1(1=2,2=4); r1(2=4,3=2); -> r1(1=2,3=2);  = r1(1=2,2=4); r1(2=4,3=2); 
Adding: r1(1=2,2=4); r1(2=4,3=2); -> r1(1=2,3=2); 
r1(1=4,2=1); r1(2=1,3=3); -> r1(1=4,3=3);  + r1(1=1,2=2); r1(3=4,2=2); -> r1(1=1,3=4); r1(3=4,1=1);  = r1(2=1,3=3); r1(1=1,2=2); r1(3=4,2=2); -> r1(1=4,3=3); r1(1=1,3=4); 
r1(1=4,2=1); r1(2=1,3=3); -> r1(1=4,3=3);  + r1(1=4,2=2); r1(3=1,2=2); -> r1(1=4,3=1); r1(3=1,1=4);  = r1(2=1,3=3); r1(1=4,2=2); r1(3=1,2=2); -> r1(1=4,3=3); r1(3=1,1=4); 
Adding: r1(2=1,3=3); r1(1=1,2=2); r1(3=4,2=2); -> r1(1=4,3=3); r1(1=1,3=4); 
Adding: r1(2=1,3=3); r1(1=4,2=2); r1(3=1,2=2); -> r1(1=4,3=3); r1(3=1,1=4); 
Adding: r1(1=4,2=2); r1(2=2,3=4); -> r1(1=4,3=4); 
Adding: r1(1=4,2=2); r1(3=1,2=2); -> r1(1=4,3=1); r1(3=1,1=4); 
Adding: r1(1=1,2=2); r1(3=4,2=2); -> r1(1=1,3=4); r1(3=4,1=1); 
Adding: r1(2=2,3=4); r1(1=0,2=1); r1(2=1,3=2); 
Adding: r1(3=4,2=2); r1(1=0,2=1); r1(2=1,3=2); 
Adding: r1(1=4,2=2); r1(1=0,2=1); r1(2=1,3=2); 
Adding: r1(1=1,2=2); r1(2=2,3=4); -> r1(1=1,3=4); 
Adding: r1(1=2,2=4); r1(2=4,3=2); 
1: [ 0, 1, 2, 9, 11 ]
2: [ 0, 1 ]
3: [ 0, 2 ]
7: [ 0, 1, 5, 8, 9, 11, 12 ]
8: [ 0, 2, 5 ]
9: [ 0, 5, 8, 12 ]
14: [ 0, 9, 12, 13 ]
21: [ 0, 8 ]
22: [ 0, 5, 8, 11, 13 ]
23: [ 0, 5 ]
Adding: 0 -> 1
Adding: 1 -> 2
Adding: 1 -> 3
Adding: 2 -> 4
Adding: 4 -> 2
Adding: 0 -> 2
Adding: 0 -> 3
Adding: 0 -> 4
Adding: 1 -> 4
Adding: 2 -> 2
Adding: 4 -> 4
Adding: 0 -> 1
Adding: 1 -> 2
Removing: 0 -> 2
Adding: 0 -> 1
Adding: 1 -> 3
Removing: 0 -> 3
Adding: 0 -> 1
Adding: 1 -> 2
Adding: 2 -> 4
Removing: 0 -> 4
Adding: 1 -> 2
Adding: 2 -> 4
Removing: 1 -> 4
Adding: 2 -> 4
Adding: 4 -> 2
Removing: 2 -> 2
Adding: 2 -> 4
Adding: 4 -> 2
Removing: 4 -> 4
Adding: r1(1=0,2=1); r1(2=1,3=3); 
Adding: r1(1=0,2=1); r1(2=1,3=2); 
Adding: r1(1=1,2=2); r1(2=2,3=4); 
Adding: r1(1=2,2=4); r1(2=4,3=2); 
Adding: r1(1=4,2=2); r1(2=2,3=4); 
1: [ 0, 1 ]
7: [ 0, 2 ]
14: [ 0, 2, 4 ]
22: [ 0, 4 ]
1: [ 0, 1 ]
7: [ 0, 2 ]
14: [ 0, 2, 4 ]
22: [ 0, 4 ]
1: [ 0, 1 ]
7: [ 0, 2 ]
14: [ 0, 2, 4 ]
22: [ 0, 4 ]

Time: 188.569

OK (1 test)

debug-test:
BUILD SUCCESSFUL (total time: 3 minutes 10 seconds)
